Script started on 2023-01-30 15:36:02+05:00 [TERM="xterm-256color" TTY="/dev/pts/0" COLUMNS="236" LINES="52"]
[?2004h]0;silmi@kali: ~[;32m┌──([1;34msilmi㉿kali[;32m)-[[0;1m~[;32m]
[;32m└─[1;34m$[0m tree
[?2004l[01;34m.[0m
├── [01;35mchallenge.png[0m
├── [01;34mDesktop[0m
│   └── file
├── [01;34mDocuments[0m
├── [01;34mDownloads[0m
├── [01;34mMusic[0m
├── [01;34mPictures[0m
│   ├── [01;35mQuestion 10.png[0m
│   ├── [01;35mQuestion 8.png[0m
│   ├── [01;35mTask 1.png[0m
│   └── [01;35mTask 2.png[0m
├── [01;34mPublic[0m
├── task1.log
├── Task 2
├── task3.log
├── [01;34mTemplates[0m
└── [01;34mVideos[0m

9 directories, 9 files

[?2004h]0;silmi@kali: ~[;32m┌──([1;34msilmi㉿kali[;32m)-[[0;1m~[;32m]
[;32m└─[1;34m$[0m cat > labtask03.txt
[?2004l
[?2004h]0;silmi@kali: ~[;32m┌──([1;34msilmi㉿kali[;32m)-[[0;1m~[;32m]
[;32m└─[1;34m$[0m [?2004l
exit

Script done on 2023-01-30 15:36:45+05:00 [COMMAND_EXIT_CODE="0"]
